18.02.2022 17:37:59.627 [main] INFO   s.a.k.s.t.TelegramBotApplication - Starting TelegramBotApplication using Java 11.0.13 on yarrou-Latitude-E5470 with PID 74027 (/home/yarrou/IdeaProjects/TelegramBot/target/classes started by yarrou in /home/yarrou/IdeaProjects/TelegramBot)
18.02.2022 17:37:59.639 [main] INFO   s.a.k.s.t.TelegramBotApplication - No active profile set, falling back to default profiles: default
18.02.2022 17:38:00.239 [main] INFO   o.s.d.r.c.RepositoryConfigurationDelegate - Bootstrapping Spring Data JPA repositories in DEFAULT mode.
18.02.2022 17:38:00.314 [main] INFO   o.s.d.r.c.RepositoryConfigurationDelegate - Finished Spring Data repository scanning in 68 ms. Found 2 JPA repository interfaces.
18.02.2022 17:38:00.752 [main] INFO   o.s.b.w.e.t.TomcatWebServer - Tomcat initialized with port(s): 8080 (http)
18.02.2022 17:38:00.760 [main] INFO   o.a.c.h.Http11NioProtocol - Initializing ProtocolHandler ["http-nio-8080"]
18.02.2022 17:38:00.761 [main] INFO   o.a.c.c.StandardService - Starting service [Tomcat]
18.02.2022 17:38:00.761 [main] INFO   o.a.c.c.StandardEngine - Starting Servlet engine: [Apache Tomcat/9.0.43]
18.02.2022 17:38:00.965 [main] INFO   o.a.c.c.C.[.[.[/] - Initializing Spring embedded WebApplicationContext
18.02.2022 17:38:00.965 [main] INFO   o.s.b.w.s.c.ServletWebServerApplicationContext - Root WebApplicationContext: initialization completed in 1274 ms
18.02.2022 17:38:01.136 [main] INFO   o.h.j.i.u.LogHelper - HHH000204: Processing PersistenceUnitInfo [name: default]
18.02.2022 17:38:01.186 [main] INFO   o.hibernate.Version - HHH000412: Hibernate ORM core version 5.4.28.Final
18.02.2022 17:38:01.313 [main] INFO   o.h.a.common.Version - HCANN000001: Hibernate Commons Annotations {5.1.2.Final}
18.02.2022 17:38:01.393 [main] INFO   c.z.h.HikariDataSource - HikariPool-1 - Starting...
18.02.2022 17:38:01.688 [main] INFO   c.z.h.HikariDataSource - HikariPool-1 - Start completed.
18.02.2022 17:38:01.702 [main] INFO   o.h.dialect.Dialect - HHH000400: Using dialect: org.hibernate.dialect.PostgreSQL10Dialect
18.02.2022 17:38:02.257 [main] INFO   o.h.e.t.j.p.i.JtaPlatformInitiator - HHH000490: Using JtaPlatform implementation: [org.hibernate.engine.transaction.jta.platform.internal.NoJtaPlatform]
18.02.2022 17:38:02.268 [main] INFO   o.s.o.j.LocalContainerEntityManagerFactoryBean - Initialized JPA EntityManagerFactory for persistence unit 'default'
18.02.2022 17:38:03.065 [main] INFO   o.s.s.c.ThreadPoolTaskExecutor - Initializing ExecutorService 'applicationTaskExecutor'
18.02.2022 17:38:03.334 [main] INFO   o.a.c.h.Http11NioProtocol - Starting ProtocolHandler ["http-nio-8080"]
18.02.2022 17:38:03.351 [main] INFO   o.s.b.w.e.t.TomcatWebServer - Tomcat started on port(s): 8080 (http) with context path ''
18.02.2022 17:38:03.923 [main] INFO   s.a.k.s.t.TelegramBotApplication - Started TelegramBotApplication in 4.704 seconds (JVM running for 5.637)
18.02.2022 17:38:44.278 [http-nio-8080-exec-1] INFO   o.a.c.c.C.[.[.[/] - Initializing Spring DispatcherServlet 'dispatcherServlet'
18.02.2022 17:38:44.279 [http-nio-8080-exec-1] INFO   o.s.w.s.DispatcherServlet - Initializing Servlet 'dispatcherServlet'
18.02.2022 17:38:44.281 [http-nio-8080-exec-1] INFO   o.s.w.s.DispatcherServlet - Completed initialization in 2 ms
18.02.2022 17:38:44.349 [http-nio-8080-exec-1] INFO   s.a.k.s.t.c.UtilController - new util connect from ip 192.168.178.24
