17.02.2022 14:36:54.991 [main] INFO   s.a.k.s.t.TelegramBotApplication - Starting TelegramBotApplication using Java 11.0.13 on yarrou-Latitude-E5470 with PID 27053 (/home/yarrou/IdeaProjects/TelegramBot/target/classes started by yarrou in /home/yarrou/IdeaProjects/TelegramBot)
17.02.2022 14:36:55.002 [main] INFO   s.a.k.s.t.TelegramBotApplication - No active profile set, falling back to default profiles: default
17.02.2022 14:36:55.706 [main] INFO   o.s.d.r.c.RepositoryConfigurationDelegate - Bootstrapping Spring Data JPA repositories in DEFAULT mode.
17.02.2022 14:36:55.766 [main] INFO   o.s.d.r.c.RepositoryConfigurationDelegate - Finished Spring Data repository scanning in 49 ms. Found 2 JPA repository interfaces.
17.02.2022 14:36:56.155 [main] INFO   o.s.b.w.e.t.TomcatWebServer - Tomcat initialized with port(s): 8080 (http)
17.02.2022 14:36:56.162 [main] INFO   o.a.c.h.Http11NioProtocol - Initializing ProtocolHandler ["http-nio-8080"]
17.02.2022 14:36:56.162 [main] INFO   o.a.c.c.StandardService - Starting service [Tomcat]
17.02.2022 14:36:56.162 [main] INFO   o.a.c.c.StandardEngine - Starting Servlet engine: [Apache Tomcat/9.0.43]
17.02.2022 14:36:56.248 [main] INFO   o.a.c.c.C.[.[.[/] - Initializing Spring embedded WebApplicationContext
17.02.2022 14:36:56.249 [main] INFO   o.s.b.w.s.c.ServletWebServerApplicationContext - Root WebApplicationContext: initialization completed in 1164 ms
17.02.2022 14:36:56.372 [main] INFO   o.h.j.i.u.LogHelper - HHH000204: Processing PersistenceUnitInfo [name: default]
17.02.2022 14:36:56.420 [main] INFO   o.hibernate.Version - HHH000412: Hibernate ORM core version 5.4.28.Final
17.02.2022 14:36:56.542 [main] INFO   o.h.a.common.Version - HCANN000001: Hibernate Commons Annotations {5.1.2.Final}
17.02.2022 14:36:56.642 [main] INFO   c.z.h.HikariDataSource - HikariPool-1 - Starting...
17.02.2022 14:36:56.878 [main] INFO   c.z.h.HikariDataSource - HikariPool-1 - Start completed.
17.02.2022 14:36:56.892 [main] INFO   o.h.dialect.Dialect - HHH000400: Using dialect: org.hibernate.dialect.PostgreSQL10Dialect
17.02.2022 14:36:57.434 [main] INFO   o.h.e.t.j.p.i.JtaPlatformInitiator - HHH000490: Using JtaPlatform implementation: [org.hibernate.engine.transaction.jta.platform.internal.NoJtaPlatform]
17.02.2022 14:36:57.442 [main] INFO   o.s.o.j.LocalContainerEntityManagerFactoryBean - Initialized JPA EntityManagerFactory for persistence unit 'default'
17.02.2022 14:36:58.025 [main] INFO   o.s.s.c.ThreadPoolTaskExecutor - Initializing ExecutorService 'applicationTaskExecutor'
17.02.2022 14:36:58.192 [main] INFO   o.a.c.h.Http11NioProtocol - Starting ProtocolHandler ["http-nio-8080"]
17.02.2022 14:36:58.205 [main] INFO   o.s.b.w.e.t.TomcatWebServer - Tomcat started on port(s): 8080 (http) with context path ''
17.02.2022 14:36:58.431 [main] INFO   s.a.k.s.t.TelegramBotApplication - Started TelegramBotApplication in 3.866 seconds (JVM running for 5.064)
17.02.2022 14:38:54.065 [http-nio-8080-exec-2] INFO   o.a.c.c.C.[.[.[/] - Initializing Spring DispatcherServlet 'dispatcherServlet'
17.02.2022 14:38:54.065 [http-nio-8080-exec-2] INFO   o.s.w.s.DispatcherServlet - Initializing Servlet 'dispatcherServlet'
17.02.2022 14:38:54.066 [http-nio-8080-exec-2] INFO   o.s.w.s.DispatcherServlet - Completed initialization in 1 ms
17.02.2022 14:39:17.911 [http-nio-8080-exec-2] ERROR  o.a.c.c.C.[.[.[.[dispatcherServlet] - Servlet.service() for servlet [dispatcherServlet] in context with path [] threw exception [Request processing failed; nested exception is java.lang.IllegalArgumentException: too many files found] with root cause
java.lang.IllegalArgumentException: too many files found
	at site.alex.konon.sol.telegramBot.services.impl.AppFileServiceImpl.getAppFile(AppFileServiceImpl.java:32)
	at site.alex.konon.sol.telegramBot.controller.AppFileController.downloadApp(AppFileController.java:32)
	at java.base/jdk.internal.reflect.NativeMethodAccessorImpl.invoke0(Native Method)
	at java.base/jdk.internal.reflect.NativeMethodAccessorImpl.invoke(NativeMethodAccessorImpl.java:62)
	at java.base/jdk.internal.reflect.DelegatingMethodAccessorImpl.invoke(DelegatingMethodAccessorImpl.java:43)
	at java.base/java.lang.reflect.Method.invoke(Method.java:566)
	at org.springframework.web.method.support.InvocableHandlerMethod.doInvoke(InvocableHandlerMethod.java:197)
	at org.springframework.web.method.support.InvocableHandlerMethod.invokeForRequest(InvocableHandlerMethod.java:141)
	at org.springframework.web.servlet.mvc.method.annotation.ServletInvocableHandlerMethod.invokeAndHandle(ServletInvocableHandlerMethod.java:106)
	at org.springframework.web.servlet.mvc.method.annotation.RequestMappingHandlerAdapter.invokeHandlerMethod(RequestMappingHandlerAdapter.java:894)
	at org.springframework.web.servlet.mvc.method.annotation.RequestMappingHandlerAdapter.handleInternal(RequestMappingHandlerAdapter.java:808)
	at org.springframework.web.servlet.mvc.method.AbstractHandlerMethodAdapter.handle(AbstractHandlerMethodAdapter.java:87)
	at org.springframework.web.servlet.DispatcherServlet.doDispatch(DispatcherServlet.java:1060)
	at org.springframework.web.servlet.DispatcherServlet.doService(DispatcherServlet.java:962)
	at org.springframework.web.servlet.FrameworkServlet.processRequest(FrameworkServlet.java:1006)
	at org.springframework.web.servlet.FrameworkServlet.doGet(FrameworkServlet.java:898)
	at javax.servlet.http.HttpServlet.service(HttpServlet.java:626)
	at org.springframework.web.servlet.FrameworkServlet.service(FrameworkServlet.java:883)
	at javax.servlet.http.HttpServlet.service(HttpServlet.java:733)
	at org.apache.catalina.core.ApplicationFilterChain.internalDoFilter(ApplicationFilterChain.java:227)
	at org.apache.catalina.core.ApplicationFilterChain.doFilter(ApplicationFilterChain.java:162)
	at org.apache.tomcat.websocket.server.WsFilter.doFilter(WsFilter.java:53)
	at org.apache.catalina.core.ApplicationFilterChain.internalDoFilter(ApplicationFilterChain.java:189)
	at org.apache.catalina.core.ApplicationFilterChain.doFilter(ApplicationFilterChain.java:162)
	at org.springframework.web.filter.FormContentFilter.doFilterInternal(FormContentFilter.java:93)
	at org.springframework.web.filter.OncePerRequestFilter.doFilter(OncePerRequestFilter.java:119)
	at org.apache.catalina.core.ApplicationFilterChain.internalDoFilter(ApplicationFilterChain.java:189)
	at org.apache.catalina.core.ApplicationFilterChain.doFilter(ApplicationFilterChain.java:162)
	at org.springframework.web.filter.CharacterEncodingFilter.doFilterInternal(CharacterEncodingFilter.java:201)
	at org.springframework.web.filter.OncePerRequestFilter.doFilter(OncePerRequestFilter.java:119)
	at org.apache.catalina.core.ApplicationFilterChain.internalDoFilter(ApplicationFilterChain.java:189)
	at org.apache.catalina.core.ApplicationFilterChain.doFilter(ApplicationFilterChain.java:162)
	at org.apache.catalina.core.StandardWrapperValve.invoke(StandardWrapperValve.java:202)
	at org.apache.catalina.core.StandardContextValve.invoke(StandardContextValve.java:97)
	at org.apache.catalina.authenticator.AuthenticatorBase.invoke(AuthenticatorBase.java:542)
	at org.apache.catalina.core.StandardHostValve.invoke(StandardHostValve.java:143)
	at org.apache.catalina.valves.ErrorReportValve.invoke(ErrorReportValve.java:92)
	at org.apache.catalina.core.StandardEngineValve.invoke(StandardEngineValve.java:78)
	at org.apache.catalina.connector.CoyoteAdapter.service(CoyoteAdapter.java:346)
	at org.apache.coyote.http11.Http11Processor.service(Http11Processor.java:374)
	at org.apache.coyote.AbstractProcessorLight.process(AbstractProcessorLight.java:65)
	at org.apache.coyote.AbstractProtocol$ConnectionHandler.process(AbstractProtocol.java:887)
	at org.apache.tomcat.util.net.NioEndpoint$SocketProcessor.doRun(NioEndpoint.java:1684)
	at org.apache.tomcat.util.net.SocketProcessorBase.run(SocketProcessorBase.java:49)
	at java.base/java.util.concurrent.ThreadPoolExecutor.runWorker(ThreadPoolExecutor.java:1128)
	at java.base/java.util.concurrent.ThreadPoolExecutor$Worker.run(ThreadPoolExecutor.java:628)
	at org.apache.tomcat.util.threads.TaskThread$WrappingRunnable.run(TaskThread.java:61)
	at java.base/java.lang.Thread.run(Thread.java:829)
17.02.2022 14:41:17.668 [http-nio-8080-exec-4] ERROR  o.a.c.c.C.[.[.[.[dispatcherServlet] - Servlet.service() for servlet [dispatcherServlet] in context with path [] threw exception [Request processing failed; nested exception is java.lang.IllegalArgumentException: too many files found] with root cause
java.lang.IllegalArgumentException: too many files found
	at site.alex.konon.sol.telegramBot.services.impl.AppFileServiceImpl.getAppFile(AppFileServiceImpl.java:32)
	at site.alex.konon.sol.telegramBot.controller.AppFileController.downloadApp(AppFileController.java:32)
	at java.base/jdk.internal.reflect.NativeMethodAccessorImpl.invoke0(Native Method)
	at java.base/jdk.internal.reflect.NativeMethodAccessorImpl.invoke(NativeMethodAccessorImpl.java:62)
	at java.base/jdk.internal.reflect.DelegatingMethodAccessorImpl.invoke(DelegatingMethodAccessorImpl.java:43)
	at java.base/java.lang.reflect.Method.invoke(Method.java:566)
	at org.springframework.web.method.support.InvocableHandlerMethod.doInvoke(InvocableHandlerMethod.java:197)
	at org.springframework.web.method.support.InvocableHandlerMethod.invokeForRequest(InvocableHandlerMethod.java:141)
	at org.springframework.web.servlet.mvc.method.annotation.ServletInvocableHandlerMethod.invokeAndHandle(ServletInvocableHandlerMethod.java:106)
	at org.springframework.web.servlet.mvc.method.annotation.RequestMappingHandlerAdapter.invokeHandlerMethod(RequestMappingHandlerAdapter.java:894)
	at org.springframework.web.servlet.mvc.method.annotation.RequestMappingHandlerAdapter.handleInternal(RequestMappingHandlerAdapter.java:808)
	at org.springframework.web.servlet.mvc.method.AbstractHandlerMethodAdapter.handle(AbstractHandlerMethodAdapter.java:87)
	at org.springframework.web.servlet.DispatcherServlet.doDispatch(DispatcherServlet.java:1060)
	at org.springframework.web.servlet.DispatcherServlet.doService(DispatcherServlet.java:962)
	at org.springframework.web.servlet.FrameworkServlet.processRequest(FrameworkServlet.java:1006)
	at org.springframework.web.servlet.FrameworkServlet.doGet(FrameworkServlet.java:898)
	at javax.servlet.http.HttpServlet.service(HttpServlet.java:626)
	at org.springframework.web.servlet.FrameworkServlet.service(FrameworkServlet.java:883)
	at javax.servlet.http.HttpServlet.service(HttpServlet.java:733)
	at org.apache.catalina.core.ApplicationFilterChain.internalDoFilter(ApplicationFilterChain.java:227)
	at org.apache.catalina.core.ApplicationFilterChain.doFilter(ApplicationFilterChain.java:162)
	at org.apache.tomcat.websocket.server.WsFilter.doFilter(WsFilter.java:53)
	at org.apache.catalina.core.ApplicationFilterChain.internalDoFilter(ApplicationFilterChain.java:189)
	at org.apache.catalina.core.ApplicationFilterChain.doFilter(ApplicationFilterChain.java:162)
	at org.springframework.web.filter.FormContentFilter.doFilterInternal(FormContentFilter.java:93)
	at org.springframework.web.filter.OncePerRequestFilter.doFilter(OncePerRequestFilter.java:119)
	at org.apache.catalina.core.ApplicationFilterChain.internalDoFilter(ApplicationFilterChain.java:189)
	at org.apache.catalina.core.ApplicationFilterChain.doFilter(ApplicationFilterChain.java:162)
	at org.springframework.web.filter.CharacterEncodingFilter.doFilterInternal(CharacterEncodingFilter.java:201)
	at org.springframework.web.filter.OncePerRequestFilter.doFilter(OncePerRequestFilter.java:119)
	at org.apache.catalina.core.ApplicationFilterChain.internalDoFilter(ApplicationFilterChain.java:189)
	at org.apache.catalina.core.ApplicationFilterChain.doFilter(ApplicationFilterChain.java:162)
	at org.apache.catalina.core.StandardWrapperValve.invoke(StandardWrapperValve.java:202)
	at org.apache.catalina.core.StandardContextValve.invoke(StandardContextValve.java:97)
	at org.apache.catalina.authenticator.AuthenticatorBase.invoke(AuthenticatorBase.java:542)
	at org.apache.catalina.core.StandardHostValve.invoke(StandardHostValve.java:143)
	at org.apache.catalina.valves.ErrorReportValve.invoke(ErrorReportValve.java:92)
	at org.apache.catalina.core.StandardEngineValve.invoke(StandardEngineValve.java:78)
	at org.apache.catalina.connector.CoyoteAdapter.service(CoyoteAdapter.java:346)
	at org.apache.coyote.http11.Http11Processor.service(Http11Processor.java:374)
	at org.apache.coyote.AbstractProcessorLight.process(AbstractProcessorLight.java:65)
	at org.apache.coyote.AbstractProtocol$ConnectionHandler.process(AbstractProtocol.java:887)
	at org.apache.tomcat.util.net.NioEndpoint$SocketProcessor.doRun(NioEndpoint.java:1684)
	at org.apache.tomcat.util.net.SocketProcessorBase.run(SocketProcessorBase.java:49)
	at java.base/java.util.concurrent.ThreadPoolExecutor.runWorker(ThreadPoolExecutor.java:1128)
	at java.base/java.util.concurrent.ThreadPoolExecutor$Worker.run(ThreadPoolExecutor.java:628)
	at org.apache.tomcat.util.threads.TaskThread$WrappingRunnable.run(TaskThread.java:61)
	at java.base/java.lang.Thread.run(Thread.java:829)
17.02.2022 14:42:09.145 [SpringContextShutdownHook] INFO   o.s.s.c.ThreadPoolTaskExecutor - Shutting down ExecutorService 'applicationTaskExecutor'
17.02.2022 14:42:09.146 [SpringContextShutdownHook] INFO   o.s.o.j.LocalContainerEntityManagerFactoryBean - Closing JPA EntityManagerFactory for persistence unit 'default'
17.02.2022 14:42:09.148 [SpringContextShutdownHook] INFO   c.z.h.HikariDataSource - HikariPool-1 - Shutdown initiated...
17.02.2022 14:42:09.162 [SpringContextShutdownHook] INFO   c.z.h.HikariDataSource - HikariPool-1 - Shutdown completed.
17.02.2022 14:42:14.378 [main] INFO   s.a.k.s.t.TelegramBotApplication - Starting TelegramBotApplication using Java 11.0.13 on yarrou-Latitude-E5470 with PID 27856 (/home/yarrou/IdeaProjects/TelegramBot/target/classes started by yarrou in /home/yarrou/IdeaProjects/TelegramBot)
17.02.2022 14:42:14.382 [main] INFO   s.a.k.s.t.TelegramBotApplication - No active profile set, falling back to default profiles: default
17.02.2022 14:42:15.126 [main] INFO   o.s.d.r.c.RepositoryConfigurationDelegate - Bootstrapping Spring Data JPA repositories in DEFAULT mode.
17.02.2022 14:42:15.171 [main] INFO   o.s.d.r.c.RepositoryConfigurationDelegate - Finished Spring Data repository scanning in 38 ms. Found 2 JPA repository interfaces.
17.02.2022 14:42:15.489 [main] INFO   o.s.b.w.e.t.TomcatWebServer - Tomcat initialized with port(s): 8080 (http)
17.02.2022 14:42:15.495 [main] INFO   o.a.c.h.Http11NioProtocol - Initializing ProtocolHandler ["http-nio-8080"]
17.02.2022 14:42:15.496 [main] INFO   o.a.c.c.StandardService - Starting service [Tomcat]
17.02.2022 14:42:15.496 [main] INFO   o.a.c.c.StandardEngine - Starting Servlet engine: [Apache Tomcat/9.0.43]
17.02.2022 14:42:15.572 [main] INFO   o.a.c.c.C.[.[.[/] - Initializing Spring embedded WebApplicationContext
17.02.2022 14:42:15.572 [main] INFO   o.s.b.w.s.c.ServletWebServerApplicationContext - Root WebApplicationContext: initialization completed in 1093 ms
17.02.2022 14:42:15.704 [main] INFO   o.h.j.i.u.LogHelper - HHH000204: Processing PersistenceUnitInfo [name: default]
17.02.2022 14:42:15.744 [main] INFO   o.hibernate.Version - HHH000412: Hibernate ORM core version 5.4.28.Final
17.02.2022 14:42:15.819 [main] INFO   o.h.a.common.Version - HCANN000001: Hibernate Commons Annotations {5.1.2.Final}
17.02.2022 14:42:15.875 [main] INFO   c.z.h.HikariDataSource - HikariPool-1 - Starting...
17.02.2022 14:42:16.058 [main] INFO   c.z.h.HikariDataSource - HikariPool-1 - Start completed.
17.02.2022 14:42:16.068 [main] INFO   o.h.dialect.Dialect - HHH000400: Using dialect: org.hibernate.dialect.PostgreSQL10Dialect
17.02.2022 14:42:16.453 [main] INFO   o.h.e.t.j.p.i.JtaPlatformInitiator - HHH000490: Using JtaPlatform implementation: [org.hibernate.engine.transaction.jta.platform.internal.NoJtaPlatform]
17.02.2022 14:42:16.460 [main] INFO   o.s.o.j.LocalContainerEntityManagerFactoryBean - Initialized JPA EntityManagerFactory for persistence unit 'default'
17.02.2022 14:42:16.988 [main] INFO   o.s.s.c.ThreadPoolTaskExecutor - Initializing ExecutorService 'applicationTaskExecutor'
17.02.2022 14:42:17.114 [main] INFO   o.a.c.h.Http11NioProtocol - Starting ProtocolHandler ["http-nio-8080"]
17.02.2022 14:42:17.124 [main] INFO   o.s.b.w.e.t.TomcatWebServer - Tomcat started on port(s): 8080 (http) with context path ''
17.02.2022 14:42:17.316 [main] INFO   s.a.k.s.t.TelegramBotApplication - Started TelegramBotApplication in 3.445 seconds (JVM running for 4.496)
17.02.2022 14:42:38.310 [http-nio-8080-exec-1] INFO   o.a.c.c.C.[.[.[/] - Initializing Spring DispatcherServlet 'dispatcherServlet'
17.02.2022 14:42:38.311 [http-nio-8080-exec-1] INFO   o.s.w.s.DispatcherServlet - Initializing Servlet 'dispatcherServlet'
17.02.2022 14:42:38.312 [http-nio-8080-exec-1] INFO   o.s.w.s.DispatcherServlet - Completed initialization in 1 ms
17.02.2022 14:42:40.666 [http-nio-8080-exec-1] ERROR  o.a.c.c.C.[.[.[.[dispatcherServlet] - Servlet.service() for servlet [dispatcherServlet] in context with path [] threw exception [Request processing failed; nested exception is java.lang.IllegalArgumentException: too many files found] with root cause
java.lang.IllegalArgumentException: too many files found
	at site.alex.konon.sol.telegramBot.services.impl.AppFileServiceImpl.getAppFile(AppFileServiceImpl.java:32)
	at site.alex.konon.sol.telegramBot.controller.AppFileController.downloadApp(AppFileController.java:32)
	at java.base/jdk.internal.reflect.NativeMethodAccessorImpl.invoke0(Native Method)
	at java.base/jdk.internal.reflect.NativeMethodAccessorImpl.invoke(NativeMethodAccessorImpl.java:62)
	at java.base/jdk.internal.reflect.DelegatingMethodAccessorImpl.invoke(DelegatingMethodAccessorImpl.java:43)
	at java.base/java.lang.reflect.Method.invoke(Method.java:566)
	at org.springframework.web.method.support.InvocableHandlerMethod.doInvoke(InvocableHandlerMethod.java:197)
	at org.springframework.web.method.support.InvocableHandlerMethod.invokeForRequest(InvocableHandlerMethod.java:141)
	at org.springframework.web.servlet.mvc.method.annotation.ServletInvocableHandlerMethod.invokeAndHandle(ServletInvocableHandlerMethod.java:106)
	at org.springframework.web.servlet.mvc.method.annotation.RequestMappingHandlerAdapter.invokeHandlerMethod(RequestMappingHandlerAdapter.java:894)
	at org.springframework.web.servlet.mvc.method.annotation.RequestMappingHandlerAdapter.handleInternal(RequestMappingHandlerAdapter.java:808)
	at org.springframework.web.servlet.mvc.method.AbstractHandlerMethodAdapter.handle(AbstractHandlerMethodAdapter.java:87)
	at org.springframework.web.servlet.DispatcherServlet.doDispatch(DispatcherServlet.java:1060)
	at org.springframework.web.servlet.DispatcherServlet.doService(DispatcherServlet.java:962)
	at org.springframework.web.servlet.FrameworkServlet.processRequest(FrameworkServlet.java:1006)
	at org.springframework.web.servlet.FrameworkServlet.doGet(FrameworkServlet.java:898)
	at javax.servlet.http.HttpServlet.service(HttpServlet.java:626)
	at org.springframework.web.servlet.FrameworkServlet.service(FrameworkServlet.java:883)
	at javax.servlet.http.HttpServlet.service(HttpServlet.java:733)
	at org.apache.catalina.core.ApplicationFilterChain.internalDoFilter(ApplicationFilterChain.java:227)
	at org.apache.catalina.core.ApplicationFilterChain.doFilter(ApplicationFilterChain.java:162)
	at org.apache.tomcat.websocket.server.WsFilter.doFilter(WsFilter.java:53)
	at org.apache.catalina.core.ApplicationFilterChain.internalDoFilter(ApplicationFilterChain.java:189)
	at org.apache.catalina.core.ApplicationFilterChain.doFilter(ApplicationFilterChain.java:162)
	at org.springframework.web.filter.FormContentFilter.doFilterInternal(FormContentFilter.java:93)
	at org.springframework.web.filter.OncePerRequestFilter.doFilter(OncePerRequestFilter.java:119)
	at org.apache.catalina.core.ApplicationFilterChain.internalDoFilter(ApplicationFilterChain.java:189)
	at org.apache.catalina.core.ApplicationFilterChain.doFilter(ApplicationFilterChain.java:162)
	at org.springframework.web.filter.CharacterEncodingFilter.doFilterInternal(CharacterEncodingFilter.java:201)
	at org.springframework.web.filter.OncePerRequestFilter.doFilter(OncePerRequestFilter.java:119)
	at org.apache.catalina.core.ApplicationFilterChain.internalDoFilter(ApplicationFilterChain.java:189)
	at org.apache.catalina.core.ApplicationFilterChain.doFilter(ApplicationFilterChain.java:162)
	at org.apache.catalina.core.StandardWrapperValve.invoke(StandardWrapperValve.java:202)
	at org.apache.catalina.core.StandardContextValve.invoke(StandardContextValve.java:97)
	at org.apache.catalina.authenticator.AuthenticatorBase.invoke(AuthenticatorBase.java:542)
	at org.apache.catalina.core.StandardHostValve.invoke(StandardHostValve.java:143)
	at org.apache.catalina.valves.ErrorReportValve.invoke(ErrorReportValve.java:92)
	at org.apache.catalina.core.StandardEngineValve.invoke(StandardEngineValve.java:78)
	at org.apache.catalina.connector.CoyoteAdapter.service(CoyoteAdapter.java:346)
	at org.apache.coyote.http11.Http11Processor.service(Http11Processor.java:374)
	at org.apache.coyote.AbstractProcessorLight.process(AbstractProcessorLight.java:65)
	at org.apache.coyote.AbstractProtocol$ConnectionHandler.process(AbstractProtocol.java:887)
	at org.apache.tomcat.util.net.NioEndpoint$SocketProcessor.doRun(NioEndpoint.java:1684)
	at org.apache.tomcat.util.net.SocketProcessorBase.run(SocketProcessorBase.java:49)
	at java.base/java.util.concurrent.ThreadPoolExecutor.runWorker(ThreadPoolExecutor.java:1128)
	at java.base/java.util.concurrent.ThreadPoolExecutor$Worker.run(ThreadPoolExecutor.java:628)
	at org.apache.tomcat.util.threads.TaskThread$WrappingRunnable.run(TaskThread.java:61)
	at java.base/java.lang.Thread.run(Thread.java:829)
17.02.2022 15:06:42.723 [SpringContextShutdownHook] INFO   o.s.s.c.ThreadPoolTaskExecutor - Shutting down ExecutorService 'applicationTaskExecutor'
17.02.2022 15:06:42.724 [SpringContextShutdownHook] INFO   o.s.o.j.LocalContainerEntityManagerFactoryBean - Closing JPA EntityManagerFactory for persistence unit 'default'
17.02.2022 15:06:42.726 [SpringContextShutdownHook] INFO   c.z.h.HikariDataSource - HikariPool-1 - Shutdown initiated...
17.02.2022 15:06:42.739 [SpringContextShutdownHook] INFO   c.z.h.HikariDataSource - HikariPool-1 - Shutdown completed.
17.02.2022 15:06:47.501 [main] INFO   s.a.k.s.t.TelegramBotApplication - Starting TelegramBotApplication using Java 11.0.13 on yarrou-Latitude-E5470 with PID 29053 (/home/yarrou/IdeaProjects/TelegramBot/target/classes started by yarrou in /home/yarrou/IdeaProjects/TelegramBot)
17.02.2022 15:06:47.506 [main] INFO   s.a.k.s.t.TelegramBotApplication - No active profile set, falling back to default profiles: default
17.02.2022 15:06:48.130 [main] INFO   o.s.d.r.c.RepositoryConfigurationDelegate - Bootstrapping Spring Data JPA repositories in DEFAULT mode.
17.02.2022 15:06:48.171 [main] INFO   o.s.d.r.c.RepositoryConfigurationDelegate - Finished Spring Data repository scanning in 35 ms. Found 2 JPA repository interfaces.
17.02.2022 15:06:48.492 [main] INFO   o.s.b.w.e.t.TomcatWebServer - Tomcat initialized with port(s): 8080 (http)
17.02.2022 15:06:48.499 [main] INFO   o.a.c.h.Http11NioProtocol - Initializing ProtocolHandler ["http-nio-8080"]
17.02.2022 15:06:48.499 [main] INFO   o.a.c.c.StandardService - Starting service [Tomcat]
17.02.2022 15:06:48.500 [main] INFO   o.a.c.c.StandardEngine - Starting Servlet engine: [Apache Tomcat/9.0.43]
17.02.2022 15:06:48.573 [main] INFO   o.a.c.c.C.[.[.[/] - Initializing Spring embedded WebApplicationContext
17.02.2022 15:06:48.573 [main] INFO   o.s.b.w.s.c.ServletWebServerApplicationContext - Root WebApplicationContext: initialization completed in 1029 ms
17.02.2022 15:06:48.682 [main] INFO   o.h.j.i.u.LogHelper - HHH000204: Processing PersistenceUnitInfo [name: default]
17.02.2022 15:06:48.714 [main] INFO   o.hibernate.Version - HHH000412: Hibernate ORM core version 5.4.28.Final
17.02.2022 15:06:48.791 [main] INFO   o.h.a.common.Version - HCANN000001: Hibernate Commons Annotations {5.1.2.Final}
17.02.2022 15:06:48.852 [main] INFO   c.z.h.HikariDataSource - HikariPool-1 - Starting...
17.02.2022 15:06:49.034 [main] INFO   c.z.h.HikariDataSource - HikariPool-1 - Start completed.
17.02.2022 15:06:49.044 [main] INFO   o.h.dialect.Dialect - HHH000400: Using dialect: org.hibernate.dialect.PostgreSQL10Dialect
17.02.2022 15:06:49.439 [main] INFO   o.h.e.t.j.p.i.JtaPlatformInitiator - HHH000490: Using JtaPlatform implementation: [org.hibernate.engine.transaction.jta.platform.internal.NoJtaPlatform]
17.02.2022 15:06:49.445 [main] INFO   o.s.o.j.LocalContainerEntityManagerFactoryBean - Initialized JPA EntityManagerFactory for persistence unit 'default'
17.02.2022 15:06:50.037 [main] INFO   o.s.s.c.ThreadPoolTaskExecutor - Initializing ExecutorService 'applicationTaskExecutor'
17.02.2022 15:06:50.215 [main] INFO   o.a.c.h.Http11NioProtocol - Starting ProtocolHandler ["http-nio-8080"]
17.02.2022 15:06:50.227 [main] INFO   o.s.b.w.e.t.TomcatWebServer - Tomcat started on port(s): 8080 (http) with context path ''
17.02.2022 15:06:50.470 [main] INFO   s.a.k.s.t.TelegramBotApplication - Started TelegramBotApplication in 3.281 seconds (JVM running for 3.942)
17.02.2022 15:06:58.562 [http-nio-8080-exec-2] INFO   o.a.c.c.C.[.[.[/] - Initializing Spring DispatcherServlet 'dispatcherServlet'
17.02.2022 15:06:58.563 [http-nio-8080-exec-2] INFO   o.s.w.s.DispatcherServlet - Initializing Servlet 'dispatcherServlet'
17.02.2022 15:06:58.564 [http-nio-8080-exec-2] INFO   o.s.w.s.DispatcherServlet - Completed initialization in 1 ms
17.02.2022 18:50:14.721 [android_turism_bot Telegram Connection] INFO   o.t.t.u.DefaultBotSession - Read timed out
java.net.SocketTimeoutException: Read timed out
	at java.base/java.net.SocketInputStream.socketRead0(Native Method)
	at java.base/java.net.SocketInputStream.socketRead(SocketInputStream.java:115)
	at java.base/java.net.SocketInputStream.read(SocketInputStream.java:168)
	at java.base/java.net.SocketInputStream.read(SocketInputStream.java:140)
	at java.base/sun.security.ssl.SSLSocketInputRecord.read(SSLSocketInputRecord.java:478)
	at java.base/sun.security.ssl.SSLSocketInputRecord.readHeader(SSLSocketInputRecord.java:472)
	at java.base/sun.security.ssl.SSLSocketInputRecord.bytesInCompletePacket(SSLSocketInputRecord.java:70)
	at java.base/sun.security.ssl.SSLSocketImpl.readApplicationRecord(SSLSocketImpl.java:1374)
	at java.base/sun.security.ssl.SSLSocketImpl$AppInputStream.read(SSLSocketImpl.java:985)
	at org.apache.http.impl.io.SessionInputBufferImpl.streamRead(SessionInputBufferImpl.java:137)
	at org.apache.http.impl.io.SessionInputBufferImpl.fillBuffer(SessionInputBufferImpl.java:153)
	at org.apache.http.impl.io.SessionInputBufferImpl.readLine(SessionInputBufferImpl.java:280)
	at org.apache.http.impl.conn.DefaultHttpResponseParser.parseHead(DefaultHttpResponseParser.java:138)
	at org.apache.http.impl.conn.DefaultHttpResponseParser.parseHead(DefaultHttpResponseParser.java:56)
	at org.apache.http.impl.io.AbstractMessageParser.parse(AbstractMessageParser.java:259)
	at org.apache.http.impl.DefaultBHttpClientConnection.receiveResponseHeader(DefaultBHttpClientConnection.java:163)
	at org.apache.http.impl.conn.CPoolProxy.receiveResponseHeader(CPoolProxy.java:157)
	at org.apache.http.protocol.HttpRequestExecutor.doReceiveResponse(HttpRequestExecutor.java:273)
	at org.apache.http.protocol.HttpRequestExecutor.execute(HttpRequestExecutor.java:125)
	at org.apache.http.impl.execchain.MainClientExec.execute(MainClientExec.java:272)
	at org.apache.http.impl.execchain.ProtocolExec.execute(ProtocolExec.java:186)
	at org.apache.http.impl.execchain.RetryExec.execute(RetryExec.java:89)
	at org.apache.http.impl.execchain.RedirectExec.execute(RedirectExec.java:110)
	at org.apache.http.impl.client.InternalHttpClient.doExecute(InternalHttpClient.java:185)
	at org.apache.http.impl.client.CloseableHttpClient.execute(CloseableHttpClient.java:83)
	at org.telegram.telegrambots.updatesreceivers.DefaultBotSession$ReaderThread.getUpdatesFromServer(DefaultBotSession.java:250)
	at org.telegram.telegrambots.updatesreceivers.DefaultBotSession$ReaderThread.run(DefaultBotSession.java:189)
17.02.2022 19:00:25.904 [SpringContextShutdownHook] INFO   o.s.s.c.ThreadPoolTaskExecutor - Shutting down ExecutorService 'applicationTaskExecutor'
17.02.2022 19:00:25.905 [SpringContextShutdownHook] INFO   o.s.o.j.LocalContainerEntityManagerFactoryBean - Closing JPA EntityManagerFactory for persistence unit 'default'
17.02.2022 19:00:25.908 [SpringContextShutdownHook] INFO   c.z.h.HikariDataSource - HikariPool-1 - Shutdown initiated...
17.02.2022 19:00:25.919 [SpringContextShutdownHook] INFO   c.z.h.HikariDataSource - HikariPool-1 - Shutdown completed.
17.02.2022 19:25:08.391 [main] INFO   s.a.k.s.t.TelegramBotApplication - Starting TelegramBotApplication using Java 11.0.13 on yarrou-Latitude-E5470 with PID 34430 (/home/yarrou/IdeaProjects/TelegramBot/target/classes started by yarrou in /home/yarrou/IdeaProjects/TelegramBot)
17.02.2022 19:25:08.399 [main] INFO   s.a.k.s.t.TelegramBotApplication - No active profile set, falling back to default profiles: default
17.02.2022 19:25:09.083 [main] INFO   o.s.d.r.c.RepositoryConfigurationDelegate - Bootstrapping Spring Data JPA repositories in DEFAULT mode.
17.02.2022 19:25:09.131 [main] INFO   o.s.d.r.c.RepositoryConfigurationDelegate - Finished Spring Data repository scanning in 41 ms. Found 2 JPA repository interfaces.
17.02.2022 19:25:09.510 [main] INFO   o.s.b.w.e.t.TomcatWebServer - Tomcat initialized with port(s): 8080 (http)
17.02.2022 19:25:09.519 [main] INFO   o.a.c.h.Http11NioProtocol - Initializing ProtocolHandler ["http-nio-8080"]
17.02.2022 19:25:09.519 [main] INFO   o.a.c.c.StandardService - Starting service [Tomcat]
17.02.2022 19:25:09.519 [main] INFO   o.a.c.c.StandardEngine - Starting Servlet engine: [Apache Tomcat/9.0.43]
17.02.2022 19:25:09.622 [main] INFO   o.a.c.c.C.[.[.[/] - Initializing Spring embedded WebApplicationContext
17.02.2022 19:25:09.622 [main] INFO   o.s.b.w.s.c.ServletWebServerApplicationContext - Root WebApplicationContext: initialization completed in 1136 ms
17.02.2022 19:25:09.736 [main] INFO   o.h.j.i.u.LogHelper - HHH000204: Processing PersistenceUnitInfo [name: default]
17.02.2022 19:25:09.769 [main] INFO   o.hibernate.Version - HHH000412: Hibernate ORM core version 5.4.28.Final
17.02.2022 19:25:09.851 [main] INFO   o.h.a.common.Version - HCANN000001: Hibernate Commons Annotations {5.1.2.Final}
17.02.2022 19:25:09.915 [main] INFO   c.z.h.HikariDataSource - HikariPool-1 - Starting...
17.02.2022 19:25:10.102 [main] INFO   c.z.h.HikariDataSource - HikariPool-1 - Start completed.
17.02.2022 19:25:10.112 [main] INFO   o.h.dialect.Dialect - HHH000400: Using dialect: org.hibernate.dialect.PostgreSQL10Dialect
17.02.2022 19:25:10.521 [main] INFO   o.h.e.t.j.p.i.JtaPlatformInitiator - HHH000490: Using JtaPlatform implementation: [org.hibernate.engine.transaction.jta.platform.internal.NoJtaPlatform]
17.02.2022 19:25:10.528 [main] INFO   o.s.o.j.LocalContainerEntityManagerFactoryBean - Initialized JPA EntityManagerFactory for persistence unit 'default'
17.02.2022 19:25:11.061 [main] INFO   o.s.s.c.ThreadPoolTaskExecutor - Initializing ExecutorService 'applicationTaskExecutor'
17.02.2022 19:25:11.193 [main] INFO   o.a.c.h.Http11NioProtocol - Starting ProtocolHandler ["http-nio-8080"]
17.02.2022 19:25:11.205 [main] INFO   o.s.b.w.e.t.TomcatWebServer - Tomcat started on port(s): 8080 (http) with context path ''
17.02.2022 19:25:11.423 [main] INFO   s.a.k.s.t.TelegramBotApplication - Started TelegramBotApplication in 3.383 seconds (JVM running for 4.121)
17.02.2022 19:25:55.172 [http-nio-8080-exec-1] INFO   o.a.c.c.C.[.[.[/] - Initializing Spring DispatcherServlet 'dispatcherServlet'
17.02.2022 19:25:55.173 [http-nio-8080-exec-1] INFO   o.s.w.s.DispatcherServlet - Initializing Servlet 'dispatcherServlet'
17.02.2022 19:25:55.174 [http-nio-8080-exec-1] INFO   o.s.w.s.DispatcherServlet - Completed initialization in 1 ms
17.02.2022 19:31:35.607 [SpringContextShutdownHook] INFO   o.s.s.c.ThreadPoolTaskExecutor - Shutting down ExecutorService 'applicationTaskExecutor'
17.02.2022 19:31:35.609 [SpringContextShutdownHook] INFO   o.s.o.j.LocalContainerEntityManagerFactoryBean - Closing JPA EntityManagerFactory for persistence unit 'default'
17.02.2022 19:31:35.614 [SpringContextShutdownHook] INFO   c.z.h.HikariDataSource - HikariPool-1 - Shutdown initiated...
17.02.2022 19:31:35.642 [SpringContextShutdownHook] INFO   c.z.h.HikariDataSource - HikariPool-1 - Shutdown completed.
17.02.2022 19:31:39.851 [main] INFO   s.a.k.s.t.TelegramBotApplication - Starting TelegramBotApplication using Java 11.0.13 on yarrou-Latitude-E5470 with PID 35073 (/home/yarrou/IdeaProjects/TelegramBot/target/classes started by yarrou in /home/yarrou/IdeaProjects/TelegramBot)
17.02.2022 19:31:39.854 [main] INFO   s.a.k.s.t.TelegramBotApplication - No active profile set, falling back to default profiles: default
17.02.2022 19:31:40.508 [main] INFO   o.s.d.r.c.RepositoryConfigurationDelegate - Bootstrapping Spring Data JPA repositories in DEFAULT mode.
17.02.2022 19:31:40.550 [main] INFO   o.s.d.r.c.RepositoryConfigurationDelegate - Finished Spring Data repository scanning in 37 ms. Found 2 JPA repository interfaces.
17.02.2022 19:31:40.874 [main] INFO   o.s.b.w.e.t.TomcatWebServer - Tomcat initialized with port(s): 8080 (http)
17.02.2022 19:31:40.880 [main] INFO   o.a.c.h.Http11NioProtocol - Initializing ProtocolHandler ["http-nio-8080"]
17.02.2022 19:31:40.881 [main] INFO   o.a.c.c.StandardService - Starting service [Tomcat]
17.02.2022 19:31:40.881 [main] INFO   o.a.c.c.StandardEngine - Starting Servlet engine: [Apache Tomcat/9.0.43]
17.02.2022 19:31:40.967 [main] INFO   o.a.c.c.C.[.[.[/] - Initializing Spring embedded WebApplicationContext
17.02.2022 19:31:40.967 [main] INFO   o.s.b.w.s.c.ServletWebServerApplicationContext - Root WebApplicationContext: initialization completed in 1017 ms
17.02.2022 19:31:41.074 [main] INFO   o.h.j.i.u.LogHelper - HHH000204: Processing PersistenceUnitInfo [name: default]
17.02.2022 19:31:41.106 [main] INFO   o.hibernate.Version - HHH000412: Hibernate ORM core version 5.4.28.Final
17.02.2022 19:31:41.184 [main] INFO   o.h.a.common.Version - HCANN000001: Hibernate Commons Annotations {5.1.2.Final}
17.02.2022 19:31:41.245 [main] INFO   c.z.h.HikariDataSource - HikariPool-1 - Starting...
17.02.2022 19:31:41.423 [main] INFO   c.z.h.HikariDataSource - HikariPool-1 - Start completed.
17.02.2022 19:31:41.435 [main] INFO   o.h.dialect.Dialect - HHH000400: Using dialect: org.hibernate.dialect.PostgreSQL10Dialect
17.02.2022 19:31:41.838 [main] INFO   o.h.e.t.j.p.i.JtaPlatformInitiator - HHH000490: Using JtaPlatform implementation: [org.hibernate.engine.transaction.jta.platform.internal.NoJtaPlatform]
17.02.2022 19:31:41.845 [main] INFO   o.s.o.j.LocalContainerEntityManagerFactoryBean - Initialized JPA EntityManagerFactory for persistence unit 'default'
17.02.2022 19:31:42.445 [main] INFO   o.s.s.c.ThreadPoolTaskExecutor - Initializing ExecutorService 'applicationTaskExecutor'
17.02.2022 19:31:42.564 [main] INFO   o.a.c.h.Http11NioProtocol - Starting ProtocolHandler ["http-nio-8080"]
17.02.2022 19:31:42.573 [main] INFO   o.s.b.w.e.t.TomcatWebServer - Tomcat started on port(s): 8080 (http) with context path ''
17.02.2022 19:31:42.775 [main] INFO   s.a.k.s.t.TelegramBotApplication - Started TelegramBotApplication in 3.235 seconds (JVM running for 3.975)
17.02.2022 19:32:15.327 [http-nio-8080-exec-1] INFO   o.a.c.c.C.[.[.[/] - Initializing Spring DispatcherServlet 'dispatcherServlet'
17.02.2022 19:32:15.329 [http-nio-8080-exec-1] INFO   o.s.w.s.DispatcherServlet - Initializing Servlet 'dispatcherServlet'
17.02.2022 19:32:15.330 [http-nio-8080-exec-1] INFO   o.s.w.s.DispatcherServlet - Completed initialization in 0 ms
17.02.2022 19:36:19.980 [SpringContextShutdownHook] INFO   o.s.s.c.ThreadPoolTaskExecutor - Shutting down ExecutorService 'applicationTaskExecutor'
17.02.2022 19:36:19.981 [SpringContextShutdownHook] INFO   o.s.o.j.LocalContainerEntityManagerFactoryBean - Closing JPA EntityManagerFactory for persistence unit 'default'
17.02.2022 19:36:19.983 [SpringContextShutdownHook] INFO   c.z.h.HikariDataSource - HikariPool-1 - Shutdown initiated...
17.02.2022 19:36:19.992 [SpringContextShutdownHook] INFO   c.z.h.HikariDataSource - HikariPool-1 - Shutdown completed.
17.02.2022 19:36:26.820 [main] INFO   s.a.k.s.t.TelegramBotApplication - Starting TelegramBotApplication using Java 11.0.13 on yarrou-Latitude-E5470 with PID 35873 (/home/yarrou/IdeaProjects/TelegramBot/target/classes started by yarrou in /home/yarrou/IdeaProjects/TelegramBot)
17.02.2022 19:36:26.823 [main] INFO   s.a.k.s.t.TelegramBotApplication - No active profile set, falling back to default profiles: default
17.02.2022 19:36:27.493 [main] INFO   o.s.d.r.c.RepositoryConfigurationDelegate - Bootstrapping Spring Data JPA repositories in DEFAULT mode.
17.02.2022 19:36:27.536 [main] INFO   o.s.d.r.c.RepositoryConfigurationDelegate - Finished Spring Data repository scanning in 37 ms. Found 2 JPA repository interfaces.
17.02.2022 19:36:27.893 [main] INFO   o.s.b.w.e.t.TomcatWebServer - Tomcat initialized with port(s): 8080 (http)
17.02.2022 19:36:27.900 [main] INFO   o.a.c.h.Http11NioProtocol - Initializing ProtocolHandler ["http-nio-8080"]
17.02.2022 19:36:27.900 [main] INFO   o.a.c.c.StandardService - Starting service [Tomcat]
17.02.2022 19:36:27.901 [main] INFO   o.a.c.c.StandardEngine - Starting Servlet engine: [Apache Tomcat/9.0.43]
17.02.2022 19:36:27.993 [main] INFO   o.a.c.c.C.[.[.[/] - Initializing Spring embedded WebApplicationContext
17.02.2022 19:36:27.993 [main] INFO   o.s.b.w.s.c.ServletWebServerApplicationContext - Root WebApplicationContext: initialization completed in 1114 ms
17.02.2022 19:36:28.109 [main] INFO   o.h.j.i.u.LogHelper - HHH000204: Processing PersistenceUnitInfo [name: default]
17.02.2022 19:36:28.142 [main] INFO   o.hibernate.Version - HHH000412: Hibernate ORM core version 5.4.28.Final
17.02.2022 19:36:28.231 [main] INFO   o.h.a.common.Version - HCANN000001: Hibernate Commons Annotations {5.1.2.Final}
17.02.2022 19:36:28.300 [main] INFO   c.z.h.HikariDataSource - HikariPool-1 - Starting...
17.02.2022 19:36:28.494 [main] INFO   c.z.h.HikariDataSource - HikariPool-1 - Start completed.
17.02.2022 19:36:28.504 [main] INFO   o.h.dialect.Dialect - HHH000400: Using dialect: org.hibernate.dialect.PostgreSQL10Dialect
17.02.2022 19:36:28.908 [main] INFO   o.h.e.t.j.p.i.JtaPlatformInitiator - HHH000490: Using JtaPlatform implementation: [org.hibernate.engine.transaction.jta.platform.internal.NoJtaPlatform]
17.02.2022 19:36:28.915 [main] INFO   o.s.o.j.LocalContainerEntityManagerFactoryBean - Initialized JPA EntityManagerFactory for persistence unit 'default'
17.02.2022 19:36:29.464 [main] INFO   o.s.s.c.ThreadPoolTaskExecutor - Initializing ExecutorService 'applicationTaskExecutor'
17.02.2022 19:36:29.607 [main] INFO   o.a.c.h.Http11NioProtocol - Starting ProtocolHandler ["http-nio-8080"]
17.02.2022 19:36:29.620 [main] INFO   o.s.b.w.e.t.TomcatWebServer - Tomcat started on port(s): 8080 (http) with context path ''
17.02.2022 19:36:29.823 [main] INFO   s.a.k.s.t.TelegramBotApplication - Started TelegramBotApplication in 3.305 seconds (JVM running for 4.022)
17.02.2022 19:37:38.679 [http-nio-8080-exec-1] INFO   o.a.c.c.C.[.[.[/] - Initializing Spring DispatcherServlet 'dispatcherServlet'
17.02.2022 19:37:38.680 [http-nio-8080-exec-1] INFO   o.s.w.s.DispatcherServlet - Initializing Servlet 'dispatcherServlet'
17.02.2022 19:37:38.681 [http-nio-8080-exec-1] INFO   o.s.w.s.DispatcherServlet - Completed initialization in 1 ms
17.02.2022 19:41:18.887 [SpringContextShutdownHook] INFO   o.s.s.c.ThreadPoolTaskExecutor - Shutting down ExecutorService 'applicationTaskExecutor'
17.02.2022 19:41:18.889 [SpringContextShutdownHook] INFO   o.s.o.j.LocalContainerEntityManagerFactoryBean - Closing JPA EntityManagerFactory for persistence unit 'default'
17.02.2022 19:41:18.891 [SpringContextShutdownHook] INFO   c.z.h.HikariDataSource - HikariPool-1 - Shutdown initiated...
17.02.2022 19:41:18.902 [SpringContextShutdownHook] INFO   c.z.h.HikariDataSource - HikariPool-1 - Shutdown completed.
17.02.2022 19:41:22.722 [main] INFO   s.a.k.s.t.TelegramBotApplication - Starting TelegramBotApplication using Java 11.0.13 on yarrou-Latitude-E5470 with PID 36347 (/home/yarrou/IdeaProjects/TelegramBot/target/classes started by yarrou in /home/yarrou/IdeaProjects/TelegramBot)
17.02.2022 19:41:22.727 [main] INFO   s.a.k.s.t.TelegramBotApplication - No active profile set, falling back to default profiles: default
17.02.2022 19:41:23.411 [main] INFO   o.s.d.r.c.RepositoryConfigurationDelegate - Bootstrapping Spring Data JPA repositories in DEFAULT mode.
17.02.2022 19:41:23.452 [main] INFO   o.s.d.r.c.RepositoryConfigurationDelegate - Finished Spring Data repository scanning in 36 ms. Found 2 JPA repository interfaces.
17.02.2022 19:41:23.822 [main] INFO   o.s.b.w.e.t.TomcatWebServer - Tomcat initialized with port(s): 8080 (http)
17.02.2022 19:41:23.829 [main] INFO   o.a.c.h.Http11NioProtocol - Initializing ProtocolHandler ["http-nio-8080"]
17.02.2022 19:41:23.829 [main] INFO   o.a.c.c.StandardService - Starting service [Tomcat]
17.02.2022 19:41:23.829 [main] INFO   o.a.c.c.StandardEngine - Starting Servlet engine: [Apache Tomcat/9.0.43]
17.02.2022 19:41:23.906 [main] INFO   o.a.c.c.C.[.[.[/] - Initializing Spring embedded WebApplicationContext
17.02.2022 19:41:23.906 [main] INFO   o.s.b.w.s.c.ServletWebServerApplicationContext - Root WebApplicationContext: initialization completed in 1106 ms
17.02.2022 19:41:24.012 [main] INFO   o.h.j.i.u.LogHelper - HHH000204: Processing PersistenceUnitInfo [name: default]
17.02.2022 19:41:24.042 [main] INFO   o.hibernate.Version - HHH000412: Hibernate ORM core version 5.4.28.Final
17.02.2022 19:41:24.120 [main] INFO   o.h.a.common.Version - HCANN000001: Hibernate Commons Annotations {5.1.2.Final}
17.02.2022 19:41:24.179 [main] INFO   c.z.h.HikariDataSource - HikariPool-1 - Starting...
17.02.2022 19:41:24.356 [main] INFO   c.z.h.HikariDataSource - HikariPool-1 - Start completed.
17.02.2022 19:41:24.366 [main] INFO   o.h.dialect.Dialect - HHH000400: Using dialect: org.hibernate.dialect.PostgreSQL10Dialect
17.02.2022 19:41:24.764 [main] INFO   o.h.e.t.j.p.i.JtaPlatformInitiator - HHH000490: Using JtaPlatform implementation: [org.hibernate.engine.transaction.jta.platform.internal.NoJtaPlatform]
17.02.2022 19:41:24.770 [main] INFO   o.s.o.j.LocalContainerEntityManagerFactoryBean - Initialized JPA EntityManagerFactory for persistence unit 'default'
17.02.2022 19:41:25.282 [main] INFO   o.s.s.c.ThreadPoolTaskExecutor - Initializing ExecutorService 'applicationTaskExecutor'
17.02.2022 19:41:25.428 [main] INFO   o.a.c.h.Http11NioProtocol - Starting ProtocolHandler ["http-nio-8080"]
17.02.2022 19:41:25.445 [main] INFO   o.s.b.w.e.t.TomcatWebServer - Tomcat started on port(s): 8080 (http) with context path ''
17.02.2022 19:41:25.824 [main] INFO   s.a.k.s.t.TelegramBotApplication - Started TelegramBotApplication in 3.563 seconds (JVM running for 4.476)
17.02.2022 19:41:52.753 [http-nio-8080-exec-1] INFO   o.a.c.c.C.[.[.[/] - Initializing Spring DispatcherServlet 'dispatcherServlet'
17.02.2022 19:41:52.754 [http-nio-8080-exec-1] INFO   o.s.w.s.DispatcherServlet - Initializing Servlet 'dispatcherServlet'
17.02.2022 19:41:52.755 [http-nio-8080-exec-1] INFO   o.s.w.s.DispatcherServlet - Completed initialization in 1 ms
17.02.2022 19:54:42.298 [SpringContextShutdownHook] INFO   o.s.s.c.ThreadPoolTaskExecutor - Shutting down ExecutorService 'applicationTaskExecutor'
17.02.2022 19:54:42.300 [SpringContextShutdownHook] INFO   o.s.o.j.LocalContainerEntityManagerFactoryBean - Closing JPA EntityManagerFactory for persistence unit 'default'
17.02.2022 19:54:42.307 [SpringContextShutdownHook] INFO   c.z.h.HikariDataSource - HikariPool-1 - Shutdown initiated...
17.02.2022 19:54:42.324 [SpringContextShutdownHook] INFO   c.z.h.HikariDataSource - HikariPool-1 - Shutdown completed.
17.02.2022 19:55:22.004 [main] INFO   s.a.k.s.t.TelegramBotApplication - Starting TelegramBotApplication using Java 11.0.13 on yarrou-Latitude-E5470 with PID 37143 (/home/yarrou/IdeaProjects/TelegramBot/target/classes started by yarrou in /home/yarrou/IdeaProjects/TelegramBot)
17.02.2022 19:55:22.012 [main] INFO   s.a.k.s.t.TelegramBotApplication - No active profile set, falling back to default profiles: default
17.02.2022 19:55:22.659 [main] INFO   o.s.d.r.c.RepositoryConfigurationDelegate - Bootstrapping Spring Data JPA repositories in DEFAULT mode.
17.02.2022 19:55:22.699 [main] INFO   o.s.d.r.c.RepositoryConfigurationDelegate - Finished Spring Data repository scanning in 35 ms. Found 2 JPA repository interfaces.
17.02.2022 19:55:23.015 [main] INFO   o.s.b.w.e.t.TomcatWebServer - Tomcat initialized with port(s): 8080 (http)
17.02.2022 19:55:23.022 [main] INFO   o.a.c.h.Http11NioProtocol - Initializing ProtocolHandler ["http-nio-8080"]
17.02.2022 19:55:23.022 [main] INFO   o.a.c.c.StandardService - Starting service [Tomcat]
17.02.2022 19:55:23.022 [main] INFO   o.a.c.c.StandardEngine - Starting Servlet engine: [Apache Tomcat/9.0.43]
17.02.2022 19:55:23.106 [main] INFO   o.a.c.c.C.[.[.[/] - Initializing Spring embedded WebApplicationContext
17.02.2022 19:55:23.106 [main] INFO   o.s.b.w.s.c.ServletWebServerApplicationContext - Root WebApplicationContext: initialization completed in 1046 ms
17.02.2022 19:55:23.211 [main] INFO   o.h.j.i.u.LogHelper - HHH000204: Processing PersistenceUnitInfo [name: default]
17.02.2022 19:55:23.242 [main] INFO   o.hibernate.Version - HHH000412: Hibernate ORM core version 5.4.28.Final
17.02.2022 19:55:23.318 [main] INFO   o.h.a.common.Version - HCANN000001: Hibernate Commons Annotations {5.1.2.Final}
17.02.2022 19:55:23.382 [main] INFO   c.z.h.HikariDataSource - HikariPool-1 - Starting...
17.02.2022 19:55:23.583 [main] INFO   c.z.h.HikariDataSource - HikariPool-1 - Start completed.
17.02.2022 19:55:23.601 [main] INFO   o.h.dialect.Dialect - HHH000400: Using dialect: org.hibernate.dialect.PostgreSQL10Dialect
17.02.2022 19:55:24.056 [main] INFO   o.h.e.t.j.p.i.JtaPlatformInitiator - HHH000490: Using JtaPlatform implementation: [org.hibernate.engine.transaction.jta.platform.internal.NoJtaPlatform]
17.02.2022 19:55:24.062 [main] INFO   o.s.o.j.LocalContainerEntityManagerFactoryBean - Initialized JPA EntityManagerFactory for persistence unit 'default'
17.02.2022 19:55:24.578 [main] INFO   o.s.s.c.ThreadPoolTaskExecutor - Initializing ExecutorService 'applicationTaskExecutor'
17.02.2022 19:55:24.751 [main] INFO   o.a.c.h.Http11NioProtocol - Starting ProtocolHandler ["http-nio-8080"]
17.02.2022 19:55:24.762 [main] INFO   o.s.b.w.e.t.TomcatWebServer - Tomcat started on port(s): 8080 (http) with context path ''
17.02.2022 19:55:24.970 [main] INFO   s.a.k.s.t.TelegramBotApplication - Started TelegramBotApplication in 3.245 seconds (JVM running for 4.014)
17.02.2022 19:55:59.880 [http-nio-8080-exec-1] INFO   o.a.c.c.C.[.[.[/] - Initializing Spring DispatcherServlet 'dispatcherServlet'
17.02.2022 19:55:59.881 [http-nio-8080-exec-1] INFO   o.s.w.s.DispatcherServlet - Initializing Servlet 'dispatcherServlet'
17.02.2022 19:55:59.882 [http-nio-8080-exec-1] INFO   o.s.w.s.DispatcherServlet - Completed initialization in 1 ms
17.02.2022 20:03:07.126 [SpringContextShutdownHook] INFO   o.s.s.c.ThreadPoolTaskExecutor - Shutting down ExecutorService 'applicationTaskExecutor'
17.02.2022 20:03:07.127 [SpringContextShutdownHook] INFO   o.s.o.j.LocalContainerEntityManagerFactoryBean - Closing JPA EntityManagerFactory for persistence unit 'default'
17.02.2022 20:03:07.129 [SpringContextShutdownHook] INFO   c.z.h.HikariDataSource - HikariPool-1 - Shutdown initiated...
17.02.2022 20:03:07.139 [SpringContextShutdownHook] INFO   c.z.h.HikariDataSource - HikariPool-1 - Shutdown completed.
